<?xml version="1.0" encoding="UTF-8"?>
<testsuite name="BasicsTest" tests="5" skipped="0" failures="0" errors="0" timestamp="2022-09-11T15:25:02" hostname="qintongxuedeMBP.ht.home" time="0.029">
  <properties/>
  <testcase name="testTask1" classname="BasicsTest" time="0.026"/>
  <testcase name="testTask2" classname="BasicsTest" time="0.001"/>
  <testcase name="testTask3" classname="BasicsTest" time="0.001"/>
  <testcase name="testTask4" classname="BasicsTest" time="0.001"/>
  <testcase name="testTask5" classname="BasicsTest" time="0.0"/>
  <system-out><![CDATA[]]></system-out>
  <system-err><![CDATA[]]></system-err>
</testsuite>
